[ 2015-02-05T22:23:42+08:00 ] 127.0.0.1 /weixin_auth/index.php/Index/index
INFO: [ route_check ] --START--
INFO: CheckRoute Behavior ::run [ RunTime:0.005746s ]
INFO: [ route_check ] --END-- [ RunTime:0.005915s ]
INFO: [ app_begin ] --START--
INFO: ReadHtmlCache Behavior ::run [ RunTime:0.002264s ]
INFO: [ app_begin ] --END-- [ RunTime:0.002379s ]
NOTIC: [8] Undefined index:  openid H:\APMServ5.2.6\www\htdocs\weixin_auth\index\Lib\Action\IndexAction.class.php 第 35 行.
NOTIC: [8] Undefined index:  user H:\APMServ5.2.6\www\htdocs\weixin_auth\index\Lib\Action\IndexAction.class.php 第 36 行.
NOTIC: [8] Undefined property: JSSDK::$debug H:\APMServ5.2.6\www\htdocs\weixin_auth\index\Lib\Common\Jssdk.class.php 第 55 行.
NOTIC: [8] Undefined property: JSSDK::$debug H:\APMServ5.2.6\www\htdocs\weixin_auth\index\Lib\Common\Jssdk.class.php 第 93 行.
NOTIC: [8] Undefined property: JSSDK::$debug H:\APMServ5.2.6\www\htdocs\weixin_auth\index\Lib\Common\Jssdk.class.php 第 112 行.
NOTIC: [8] Undefined property: JSSDK::$debug H:\APMServ5.2.6\www\htdocs\weixin_auth\index\Lib\Common\Jssdk.class.php 第 73 行.
NOTIC: [8] Undefined offset:  2 H:\APMServ5.2.6\www\htdocs\weixin_auth\index\Lib\Action\IndexAction.class.php 第 48 行.
NOTIC: [8] Undefined offset:  3 H:\APMServ5.2.6\www\htdocs\weixin_auth\index\Lib\Action\IndexAction.class.php 第 49 行.
NOTIC: [8] Undefined index:  openid H:\APMServ5.2.6\www\htdocs\weixin_auth\index\Lib\Action\IndexAction.class.php 第 66 行.
SQL: SHOW COLUMNS FROM `wc_user_bag` [ RunTime:0.015291s ]
SQL: SELECT * FROM `wc_user_bag` WHERE ( `openid` = null ) LIMIT 1   [ RunTime:0.000548s ]
NOTIC: [8] Use of undefined constant a - assumed 'a' H:\APMServ5.2.6\www\htdocs\weixin_auth\index\Lib\Action\IndexAction.class.php 第 220 行.
NOTIC: [8] Use of undefined constant b - assumed 'b' H:\APMServ5.2.6\www\htdocs\weixin_auth\index\Lib\Action\IndexAction.class.php 第 225 行.
NOTIC: [8] Use of undefined constant c - assumed 'c' H:\APMServ5.2.6\www\htdocs\weixin_auth\index\Lib\Action\IndexAction.class.php 第 229 行.
NOTIC: [8] Undefined variable: oldUser H:\APMServ5.2.6\www\htdocs\weixin_auth\index\Lib\Action\IndexAction.class.php 第 107 行.
INFO: [ view_parse ] --START--
INFO: ParseTemplate Behavior ::run [ RunTime:0.110194s ]
INFO: [ view_parse ] --END-- [ RunTime:0.110426s ]
INFO: [ view_filter ] --START--
INFO: ContentReplace Behavior ::run [ RunTime:0.013083s ]
INFO: TokenBuild Behavior ::run [ RunTime:0.001930s ]
INFO: WriteHtmlCache Behavior ::run [ RunTime:0.001655s ]
INFO: ShowRuntime Behavior ::run [ RunTime:0.001901s ]
INFO: [ view_filter ] --END-- [ RunTime:0.018885s ]
INFO: [ view_end ] --START--
INFO: ShowPageTrace Behavior ::run [ RunTime:0.009368s ]
INFO: [ view_end ] --END-- [ RunTime:0.009480s ]

[ 2015-02-05T22:23:54+08:00 ] 127.0.0.1 /weixin_auth/index.php/Index/index
INFO: [ route_check ] --START--
INFO: CheckRoute Behavior ::run [ RunTime:0.000721s ]
INFO: [ route_check ] --END-- [ RunTime:0.000818s ]
INFO: [ app_begin ] --START--
INFO: ReadHtmlCache Behavior ::run [ RunTime:0.000717s ]
INFO: [ app_begin ] --END-- [ RunTime:0.000800s ]
NOTIC: [8] Undefined index:  openid H:\APMServ5.2.6\www\htdocs\weixin_auth\index\Lib\Action\IndexAction.class.php 第 35 行.
NOTIC: [8] Undefined index:  user H:\APMServ5.2.6\www\htdocs\weixin_auth\index\Lib\Action\IndexAction.class.php 第 36 行.
NOTIC: [8] Undefined property: JSSDK::$debug H:\APMServ5.2.6\www\htdocs\weixin_auth\index\Lib\Common\Jssdk.class.php 第 55 行.
NOTIC: [8] Undefined offset:  2 H:\APMServ5.2.6\www\htdocs\weixin_auth\index\Lib\Action\IndexAction.class.php 第 48 行.
NOTIC: [8] Undefined offset:  3 H:\APMServ5.2.6\www\htdocs\weixin_auth\index\Lib\Action\IndexAction.class.php 第 49 行.
NOTIC: [8] Undefined index:  openid H:\APMServ5.2.6\www\htdocs\weixin_auth\index\Lib\Action\IndexAction.class.php 第 66 行.
SQL: SHOW COLUMNS FROM `wc_user_bag` [ RunTime:0.002656s ]
SQL: SELECT * FROM `wc_user_bag` WHERE ( `openid` = null ) LIMIT 1   [ RunTime:0.000729s ]
NOTIC: [8] Use of undefined constant a - assumed 'a' H:\APMServ5.2.6\www\htdocs\weixin_auth\index\Lib\Action\IndexAction.class.php 第 220 行.
NOTIC: [8] Use of undefined constant b - assumed 'b' H:\APMServ5.2.6\www\htdocs\weixin_auth\index\Lib\Action\IndexAction.class.php 第 225 行.
NOTIC: [8] Use of undefined constant c - assumed 'c' H:\APMServ5.2.6\www\htdocs\weixin_auth\index\Lib\Action\IndexAction.class.php 第 229 行.
NOTIC: [8] Undefined variable: oldUser H:\APMServ5.2.6\www\htdocs\weixin_auth\index\Lib\Action\IndexAction.class.php 第 107 行.
INFO: [ view_parse ] --START--
INFO: ParseTemplate Behavior ::run [ RunTime:0.007682s ]
INFO: [ view_parse ] --END-- [ RunTime:0.007785s ]
INFO: [ view_filter ] --START--
INFO: ContentReplace Behavior ::run [ RunTime:0.000297s ]
INFO: TokenBuild Behavior ::run [ RunTime:0.000256s ]
INFO: WriteHtmlCache Behavior ::run [ RunTime:0.000207s ]
INFO: ShowRuntime Behavior ::run [ RunTime:0.000285s ]
INFO: [ view_filter ] --END-- [ RunTime:0.001260s ]
INFO: [ view_end ] --START--
INFO: ShowPageTrace Behavior ::run [ RunTime:0.000256s ]
INFO: [ view_end ] --END-- [ RunTime:0.000336s ]

[ 2015-02-05T22:24:20+08:00 ] 127.0.0.1 /weixin_auth/index.php/Index/index
INFO: [ route_check ] --START--
INFO: CheckRoute Behavior ::run [ RunTime:0.000957s ]
INFO: [ route_check ] --END-- [ RunTime:0.001089s ]
INFO: [ app_begin ] --START--
INFO: ReadHtmlCache Behavior ::run [ RunTime:0.001019s ]
INFO: [ app_begin ] --END-- [ RunTime:0.001129s ]
NOTIC: [8] Undefined index:  openid H:\APMServ5.2.6\www\htdocs\weixin_auth\index\Lib\Action\IndexAction.class.php 第 35 行.
NOTIC: [8] Undefined index:  user H:\APMServ5.2.6\www\htdocs\weixin_auth\index\Lib\Action\IndexAction.class.php 第 36 行.
NOTIC: [8] Undefined property: JSSDK::$debug H:\APMServ5.2.6\www\htdocs\weixin_auth\index\Lib\Common\Jssdk.class.php 第 55 行.
NOTIC: [8] Undefined offset:  2 H:\APMServ5.2.6\www\htdocs\weixin_auth\index\Lib\Action\IndexAction.class.php 第 48 行.
NOTIC: [8] Undefined offset:  3 H:\APMServ5.2.6\www\htdocs\weixin_auth\index\Lib\Action\IndexAction.class.php 第 49 行.
NOTIC: [8] Undefined index:  openid H:\APMServ5.2.6\www\htdocs\weixin_auth\index\Lib\Action\IndexAction.class.php 第 66 行.
SQL: SHOW COLUMNS FROM `wc_user_bag` [ RunTime:0.002304s ]
SQL: SELECT * FROM `wc_user_bag` WHERE ( `openid` = null ) LIMIT 1   [ RunTime:0.000267s ]
NOTIC: [8] Use of undefined constant a - assumed 'a' H:\APMServ5.2.6\www\htdocs\weixin_auth\index\Lib\Action\IndexAction.class.php 第 220 行.
NOTIC: [8] Use of undefined constant b - assumed 'b' H:\APMServ5.2.6\www\htdocs\weixin_auth\index\Lib\Action\IndexAction.class.php 第 225 行.
NOTIC: [8] Use of undefined constant c - assumed 'c' H:\APMServ5.2.6\www\htdocs\weixin_auth\index\Lib\Action\IndexAction.class.php 第 229 行.
NOTIC: [8] Undefined variable: oldUser H:\APMServ5.2.6\www\htdocs\weixin_auth\index\Lib\Action\IndexAction.class.php 第 107 行.
INFO: [ view_parse ] --START--
INFO: ParseTemplate Behavior ::run [ RunTime:0.014793s ]
INFO: [ view_parse ] --END-- [ RunTime:0.014883s ]
INFO: [ view_filter ] --START--
INFO: ContentReplace Behavior ::run [ RunTime:0.000603s ]
INFO: TokenBuild Behavior ::run [ RunTime:0.000623s ]
INFO: WriteHtmlCache Behavior ::run [ RunTime:0.000595s ]
INFO: ShowRuntime Behavior ::run [ RunTime:0.000697s ]
INFO: [ view_filter ] --END-- [ RunTime:0.002775s ]
INFO: [ view_end ] --START--
INFO: ShowPageTrace Behavior ::run [ RunTime:0.000561s ]
INFO: [ view_end ] --END-- [ RunTime:0.000624s ]

[ 2015-02-05T22:24:36+08:00 ] 127.0.0.1 /weixin_auth/index.php/Index/index
INFO: [ route_check ] --START--
INFO: CheckRoute Behavior ::run [ RunTime:0.001007s ]
INFO: [ route_check ] --END-- [ RunTime:0.001125s ]
INFO: [ app_begin ] --START--
INFO: ReadHtmlCache Behavior ::run [ RunTime:0.000835s ]
INFO: [ app_begin ] --END-- [ RunTime:0.000932s ]
NOTIC: [8] Undefined index:  openid H:\APMServ5.2.6\www\htdocs\weixin_auth\index\Lib\Action\IndexAction.class.php 第 35 行.
NOTIC: [8] Undefined index:  user H:\APMServ5.2.6\www\htdocs\weixin_auth\index\Lib\Action\IndexAction.class.php 第 36 行.
NOTIC: [8] Undefined property: JSSDK::$debug H:\APMServ5.2.6\www\htdocs\weixin_auth\index\Lib\Common\Jssdk.class.php 第 55 行.
NOTIC: [8] Undefined offset:  2 H:\APMServ5.2.6\www\htdocs\weixin_auth\index\Lib\Action\IndexAction.class.php 第 48 行.
NOTIC: [8] Undefined offset:  3 H:\APMServ5.2.6\www\htdocs\weixin_auth\index\Lib\Action\IndexAction.class.php 第 49 行.
NOTIC: [8] Undefined index:  openid H:\APMServ5.2.6\www\htdocs\weixin_auth\index\Lib\Action\IndexAction.class.php 第 66 行.
SQL: SHOW COLUMNS FROM `wc_user_bag` [ RunTime:0.003116s ]
SQL: SELECT * FROM `wc_user_bag` WHERE ( `openid` = null ) LIMIT 1   [ RunTime:0.000545s ]
NOTIC: [8] Use of undefined constant a - assumed 'a' H:\APMServ5.2.6\www\htdocs\weixin_auth\index\Lib\Action\IndexAction.class.php 第 220 行.
NOTIC: [8] Use of undefined constant b - assumed 'b' H:\APMServ5.2.6\www\htdocs\weixin_auth\index\Lib\Action\IndexAction.class.php 第 225 行.
NOTIC: [8] Use of undefined constant c - assumed 'c' H:\APMServ5.2.6\www\htdocs\weixin_auth\index\Lib\Action\IndexAction.class.php 第 229 行.
NOTIC: [8] Undefined variable: oldUser H:\APMServ5.2.6\www\htdocs\weixin_auth\index\Lib\Action\IndexAction.class.php 第 107 行.
INFO: [ view_parse ] --START--
INFO: ParseTemplate Behavior ::run [ RunTime:0.021114s ]
INFO: [ view_parse ] --END-- [ RunTime:0.021245s ]
INFO: [ view_filter ] --START--
INFO: ContentReplace Behavior ::run [ RunTime:0.000979s ]
INFO: TokenBuild Behavior ::run [ RunTime:0.000875s ]
INFO: WriteHtmlCache Behavior ::run [ RunTime:0.000944s ]
INFO: ShowRuntime Behavior ::run [ RunTime:0.000905s ]
INFO: [ view_filter ] --END-- [ RunTime:0.003964s ]
INFO: [ view_end ] --START--
INFO: ShowPageTrace Behavior ::run [ RunTime:0.000888s ]
INFO: [ view_end ] --END-- [ RunTime:0.000982s ]

[ 2015-02-05T22:24:56+08:00 ] 127.0.0.1 /weixin_auth/index.php/Index/index
INFO: [ route_check ] --START--
INFO: CheckRoute Behavior ::run [ RunTime:0.000285s ]
INFO: [ route_check ] --END-- [ RunTime:0.000389s ]
INFO: [ app_begin ] --START--
INFO: ReadHtmlCache Behavior ::run [ RunTime:0.000545s ]
INFO: [ app_begin ] --END-- [ RunTime:0.000757s ]
NOTIC: [8] Undefined index:  openid H:\APMServ5.2.6\www\htdocs\weixin_auth\index\Lib\Action\IndexAction.class.php 第 35 行.
NOTIC: [8] Undefined index:  user H:\APMServ5.2.6\www\htdocs\weixin_auth\index\Lib\Action\IndexAction.class.php 第 36 行.
NOTIC: [8] Undefined property: JSSDK::$debug H:\APMServ5.2.6\www\htdocs\weixin_auth\index\Lib\Common\Jssdk.class.php 第 55 行.
NOTIC: [8] Undefined offset:  2 H:\APMServ5.2.6\www\htdocs\weixin_auth\index\Lib\Action\IndexAction.class.php 第 48 行.
NOTIC: [8] Undefined offset:  3 H:\APMServ5.2.6\www\htdocs\weixin_auth\index\Lib\Action\IndexAction.class.php 第 49 行.
NOTIC: [8] Undefined index:  openid H:\APMServ5.2.6\www\htdocs\weixin_auth\index\Lib\Action\IndexAction.class.php 第 66 行.
SQL: SHOW COLUMNS FROM `wc_user_bag` [ RunTime:0.002728s ]
SQL: SELECT * FROM `wc_user_bag` WHERE ( `openid` = null ) LIMIT 1   [ RunTime:0.000735s ]
NOTIC: [8] Use of undefined constant a - assumed 'a' H:\APMServ5.2.6\www\htdocs\weixin_auth\index\Lib\Action\IndexAction.class.php 第 220 行.
NOTIC: [8] Use of undefined constant b - assumed 'b' H:\APMServ5.2.6\www\htdocs\weixin_auth\index\Lib\Action\IndexAction.class.php 第 225 行.
NOTIC: [8] Use of undefined constant c - assumed 'c' H:\APMServ5.2.6\www\htdocs\weixin_auth\index\Lib\Action\IndexAction.class.php 第 229 行.
NOTIC: [8] Undefined variable: oldUser H:\APMServ5.2.6\www\htdocs\weixin_auth\index\Lib\Action\IndexAction.class.php 第 107 行.
INFO: [ view_parse ] --START--
INFO: ParseTemplate Behavior ::run [ RunTime:0.007963s ]
INFO: [ view_parse ] --END-- [ RunTime:0.008073s ]
INFO: [ view_filter ] --START--
INFO: ContentReplace Behavior ::run [ RunTime:0.000311s ]
INFO: TokenBuild Behavior ::run [ RunTime:0.000322s ]
INFO: WriteHtmlCache Behavior ::run [ RunTime:0.000215s ]
INFO: ShowRuntime Behavior ::run [ RunTime:0.000295s ]
INFO: [ view_filter ] --END-- [ RunTime:0.001369s ]
INFO: [ view_end ] --START--
INFO: ShowPageTrace Behavior ::run [ RunTime:0.000261s ]
INFO: [ view_end ] --END-- [ RunTime:0.000346s ]

[ 2015-02-05T22:29:20+08:00 ] 127.0.0.1 /weixin_auth/index.php/Index/index
INFO: [ route_check ] --START--
INFO: CheckRoute Behavior ::run [ RunTime:0.001015s ]
INFO: [ route_check ] --END-- [ RunTime:0.001148s ]
INFO: [ app_begin ] --START--
INFO: ReadHtmlCache Behavior ::run [ RunTime:0.000967s ]
INFO: [ app_begin ] --END-- [ RunTime:0.001078s ]
NOTIC: [8] Undefined index:  openid H:\APMServ5.2.6\www\htdocs\weixin_auth\index\Lib\Action\IndexAction.class.php 第 35 行.
NOTIC: [8] Undefined index:  user H:\APMServ5.2.6\www\htdocs\weixin_auth\index\Lib\Action\IndexAction.class.php 第 36 行.
NOTIC: [8] Undefined property: JSSDK::$debug H:\APMServ5.2.6\www\htdocs\weixin_auth\index\Lib\Common\Jssdk.class.php 第 55 行.
NOTIC: [8] Undefined offset:  2 H:\APMServ5.2.6\www\htdocs\weixin_auth\index\Lib\Action\IndexAction.class.php 第 48 行.
NOTIC: [8] Undefined offset:  3 H:\APMServ5.2.6\www\htdocs\weixin_auth\index\Lib\Action\IndexAction.class.php 第 49 行.
NOTIC: [8] Undefined index:  openid H:\APMServ5.2.6\www\htdocs\weixin_auth\index\Lib\Action\IndexAction.class.php 第 66 行.
SQL: SHOW COLUMNS FROM `wc_user_bag` [ RunTime:0.002228s ]
SQL: SELECT * FROM `wc_user_bag` WHERE ( `openid` = null ) LIMIT 1   [ RunTime:0.000657s ]
NOTIC: [8] Use of undefined constant a - assumed 'a' H:\APMServ5.2.6\www\htdocs\weixin_auth\index\Lib\Action\IndexAction.class.php 第 220 行.
NOTIC: [8] Use of undefined constant b - assumed 'b' H:\APMServ5.2.6\www\htdocs\weixin_auth\index\Lib\Action\IndexAction.class.php 第 225 行.
NOTIC: [8] Undefined variable: oldUser H:\APMServ5.2.6\www\htdocs\weixin_auth\index\Lib\Action\IndexAction.class.php 第 107 行.
INFO: [ view_parse ] --START--
INFO: ParseTemplate Behavior ::run [ RunTime:0.008155s ]
INFO: [ view_parse ] --END-- [ RunTime:0.008282s ]
INFO: [ view_filter ] --START--
INFO: ContentReplace Behavior ::run [ RunTime:0.000608s ]
INFO: TokenBuild Behavior ::run [ RunTime:0.000622s ]
INFO: WriteHtmlCache Behavior ::run [ RunTime:0.000518s ]
INFO: ShowRuntime Behavior ::run [ RunTime:0.000595s ]
INFO: [ view_filter ] --END-- [ RunTime:0.002521s ]
INFO: [ view_end ] --START--
INFO: ShowPageTrace Behavior ::run [ RunTime:0.000642s ]
INFO: [ view_end ] --END-- [ RunTime:0.000705s ]

[ 2015-02-05T22:29:33+08:00 ] 127.0.0.1 /weixin_auth/index.php/Index/index
INFO: [ route_check ] --START--
INFO: CheckRoute Behavior ::run [ RunTime:0.000792s ]
INFO: [ route_check ] --END-- [ RunTime:0.000899s ]
INFO: [ app_begin ] --START--
INFO: ReadHtmlCache Behavior ::run [ RunTime:0.000789s ]
INFO: [ app_begin ] --END-- [ RunTime:0.000881s ]
NOTIC: [8] Undefined index:  openid H:\APMServ5.2.6\www\htdocs\weixin_auth\index\Lib\Action\IndexAction.class.php 第 35 行.
NOTIC: [8] Undefined index:  user H:\APMServ5.2.6\www\htdocs\weixin_auth\index\Lib\Action\IndexAction.class.php 第 36 行.
NOTIC: [8] Undefined property: JSSDK::$debug H:\APMServ5.2.6\www\htdocs\weixin_auth\index\Lib\Common\Jssdk.class.php 第 55 行.
NOTIC: [8] Undefined offset:  2 H:\APMServ5.2.6\www\htdocs\weixin_auth\index\Lib\Action\IndexAction.class.php 第 48 行.
NOTIC: [8] Undefined offset:  3 H:\APMServ5.2.6\www\htdocs\weixin_auth\index\Lib\Action\IndexAction.class.php 第 49 行.
NOTIC: [8] Undefined index:  openid H:\APMServ5.2.6\www\htdocs\weixin_auth\index\Lib\Action\IndexAction.class.php 第 66 行.
SQL: SHOW COLUMNS FROM `wc_user_bag` [ RunTime:0.002715s ]
SQL: SELECT * FROM `wc_user_bag` WHERE ( `openid` = null ) LIMIT 1   [ RunTime:0.000754s ]
NOTIC: [8] Use of undefined constant a - assumed 'a' H:\APMServ5.2.6\www\htdocs\weixin_auth\index\Lib\Action\IndexAction.class.php 第 220 行.
NOTIC: [8] Use of undefined constant b - assumed 'b' H:\APMServ5.2.6\www\htdocs\weixin_auth\index\Lib\Action\IndexAction.class.php 第 225 行.
NOTIC: [8] Use of undefined constant c - assumed 'c' H:\APMServ5.2.6\www\htdocs\weixin_auth\index\Lib\Action\IndexAction.class.php 第 229 行.
NOTIC: [8] Undefined variable: oldUser H:\APMServ5.2.6\www\htdocs\weixin_auth\index\Lib\Action\IndexAction.class.php 第 107 行.
INFO: [ view_parse ] --START--
INFO: ParseTemplate Behavior ::run [ RunTime:0.007973s ]
INFO: [ view_parse ] --END-- [ RunTime:0.008057s ]
INFO: [ view_filter ] --START--
INFO: ContentReplace Behavior ::run [ RunTime:0.000638s ]
INFO: TokenBuild Behavior ::run [ RunTime:0.000553s ]
INFO: WriteHtmlCache Behavior ::run [ RunTime:0.000558s ]
INFO: ShowRuntime Behavior ::run [ RunTime:0.000575s ]
INFO: [ view_filter ] --END-- [ RunTime:0.002498s ]
INFO: [ view_end ] --START--
INFO: ShowPageTrace Behavior ::run [ RunTime:0.000610s ]
INFO: [ view_end ] --END-- [ RunTime:0.000675s ]

[ 2015-02-05T22:29:57+08:00 ] 127.0.0.1 /weixin_auth/index.php/Index/index
INFO: [ route_check ] --START--
INFO: CheckRoute Behavior ::run [ RunTime:0.000880s ]
INFO: [ route_check ] --END-- [ RunTime:0.000999s ]
INFO: [ app_begin ] --START--
INFO: ReadHtmlCache Behavior ::run [ RunTime:0.000886s ]
INFO: [ app_begin ] --END-- [ RunTime:0.000989s ]
NOTIC: [8] Undefined index:  openid H:\APMServ5.2.6\www\htdocs\weixin_auth\index\Lib\Action\IndexAction.class.php 第 35 行.
NOTIC: [8] Undefined index:  user H:\APMServ5.2.6\www\htdocs\weixin_auth\index\Lib\Action\IndexAction.class.php 第 36 行.
NOTIC: [8] Undefined property: JSSDK::$debug H:\APMServ5.2.6\www\htdocs\weixin_auth\index\Lib\Common\Jssdk.class.php 第 55 行.
NOTIC: [8] Undefined offset:  2 H:\APMServ5.2.6\www\htdocs\weixin_auth\index\Lib\Action\IndexAction.class.php 第 48 行.
NOTIC: [8] Undefined offset:  3 H:\APMServ5.2.6\www\htdocs\weixin_auth\index\Lib\Action\IndexAction.class.php 第 49 行.
NOTIC: [8] Undefined index:  openid H:\APMServ5.2.6\www\htdocs\weixin_auth\index\Lib\Action\IndexAction.class.php 第 66 行.
SQL: SHOW COLUMNS FROM `wc_user_bag` [ RunTime:0.003222s ]
SQL: SELECT * FROM `wc_user_bag` WHERE ( `openid` = null ) LIMIT 1   [ RunTime:0.000762s ]
NOTIC: [8] Use of undefined constant a - assumed 'a' H:\APMServ5.2.6\www\htdocs\weixin_auth\index\Lib\Action\IndexAction.class.php 第 220 行.
NOTIC: [8] Undefined variable: oldUser H:\APMServ5.2.6\www\htdocs\weixin_auth\index\Lib\Action\IndexAction.class.php 第 107 行.
INFO: [ view_parse ] --START--
INFO: ParseTemplate Behavior ::run [ RunTime:0.010014s ]
INFO: [ view_parse ] --END-- [ RunTime:0.010126s ]
INFO: [ view_filter ] --START--
INFO: ContentReplace Behavior ::run [ RunTime:0.000600s ]
INFO: TokenBuild Behavior ::run [ RunTime:0.000584s ]
INFO: WriteHtmlCache Behavior ::run [ RunTime:0.000607s ]
INFO: ShowRuntime Behavior ::run [ RunTime:0.000580s ]
INFO: [ view_filter ] --END-- [ RunTime:0.002566s ]
INFO: [ view_end ] --START--
INFO: ShowPageTrace Behavior ::run [ RunTime:0.000652s ]
INFO: [ view_end ] --END-- [ RunTime:0.000720s ]

[ 2015-02-05T22:30:16+08:00 ] 127.0.0.1 /weixin_auth/index.php/Index/index
INFO: [ route_check ] --START--
INFO: CheckRoute Behavior ::run [ RunTime:0.000582s ]
INFO: [ route_check ] --END-- [ RunTime:0.000767s ]
INFO: [ app_begin ] --START--
INFO: ReadHtmlCache Behavior ::run [ RunTime:0.000529s ]
INFO: [ app_begin ] --END-- [ RunTime:0.000693s ]
NOTIC: [8] Undefined index:  openid H:\APMServ5.2.6\www\htdocs\weixin_auth\index\Lib\Action\IndexAction.class.php 第 35 行.
NOTIC: [8] Undefined index:  user H:\APMServ5.2.6\www\htdocs\weixin_auth\index\Lib\Action\IndexAction.class.php 第 36 行.
NOTIC: [8] Undefined property: JSSDK::$debug H:\APMServ5.2.6\www\htdocs\weixin_auth\index\Lib\Common\Jssdk.class.php 第 55 行.
NOTIC: [8] Undefined offset:  2 H:\APMServ5.2.6\www\htdocs\weixin_auth\index\Lib\Action\IndexAction.class.php 第 48 行.
NOTIC: [8] Undefined offset:  3 H:\APMServ5.2.6\www\htdocs\weixin_auth\index\Lib\Action\IndexAction.class.php 第 49 行.
NOTIC: [8] Undefined index:  openid H:\APMServ5.2.6\www\htdocs\weixin_auth\index\Lib\Action\IndexAction.class.php 第 66 行.
SQL: SHOW COLUMNS FROM `wc_user_bag` [ RunTime:0.003370s ]
SQL: SELECT * FROM `wc_user_bag` WHERE ( `openid` = null ) LIMIT 1   [ RunTime:0.000698s ]
NOTIC: [8] Use of undefined constant a - assumed 'a' H:\APMServ5.2.6\www\htdocs\weixin_auth\index\Lib\Action\IndexAction.class.php 第 220 行.
NOTIC: [8] Use of undefined constant b - assumed 'b' H:\APMServ5.2.6\www\htdocs\weixin_auth\index\Lib\Action\IndexAction.class.php 第 225 行.
NOTIC: [8] Use of undefined constant c - assumed 'c' H:\APMServ5.2.6\www\htdocs\weixin_auth\index\Lib\Action\IndexAction.class.php 第 229 行.
NOTIC: [8] Undefined variable: oldUser H:\APMServ5.2.6\www\htdocs\weixin_auth\index\Lib\Action\IndexAction.class.php 第 107 行.
INFO: [ view_parse ] --START--
INFO: ParseTemplate Behavior ::run [ RunTime:0.009044s ]
INFO: [ view_parse ] --END-- [ RunTime:0.009166s ]
INFO: [ view_filter ] --START--
INFO: ContentReplace Behavior ::run [ RunTime:0.000343s ]
INFO: TokenBuild Behavior ::run [ RunTime:0.000292s ]
INFO: WriteHtmlCache Behavior ::run [ RunTime:0.000237s ]
INFO: ShowRuntime Behavior ::run [ RunTime:0.000388s ]
INFO: [ view_filter ] --END-- [ RunTime:0.001512s ]
INFO: [ view_end ] --START--
INFO: ShowPageTrace Behavior ::run [ RunTime:0.000291s ]
INFO: [ view_end ] --END-- [ RunTime:0.000384s ]

[ 2015-02-05T22:30:30+08:00 ] 127.0.0.1 /weixin_auth/index.php/Index/index
INFO: [ route_check ] --START--
INFO: CheckRoute Behavior ::run [ RunTime:0.000569s ]
INFO: [ route_check ] --END-- [ RunTime:0.000753s ]
INFO: [ app_begin ] --START--
INFO: ReadHtmlCache Behavior ::run [ RunTime:0.000559s ]
INFO: [ app_begin ] --END-- [ RunTime:0.000765s ]
NOTIC: [8] Undefined index:  openid H:\APMServ5.2.6\www\htdocs\weixin_auth\index\Lib\Action\IndexAction.class.php 第 35 行.
NOTIC: [8] Undefined index:  user H:\APMServ5.2.6\www\htdocs\weixin_auth\index\Lib\Action\IndexAction.class.php 第 36 行.
NOTIC: [8] Undefined property: JSSDK::$debug H:\APMServ5.2.6\www\htdocs\weixin_auth\index\Lib\Common\Jssdk.class.php 第 55 行.
NOTIC: [8] Undefined offset:  2 H:\APMServ5.2.6\www\htdocs\weixin_auth\index\Lib\Action\IndexAction.class.php 第 48 行.
NOTIC: [8] Undefined offset:  3 H:\APMServ5.2.6\www\htdocs\weixin_auth\index\Lib\Action\IndexAction.class.php 第 49 行.
NOTIC: [8] Undefined index:  openid H:\APMServ5.2.6\www\htdocs\weixin_auth\index\Lib\Action\IndexAction.class.php 第 66 行.
SQL: SHOW COLUMNS FROM `wc_user_bag` [ RunTime:0.004641s ]
SQL: SELECT * FROM `wc_user_bag` WHERE ( `openid` = null ) LIMIT 1   [ RunTime:0.001226s ]
NOTIC: [8] Use of undefined constant a - assumed 'a' H:\APMServ5.2.6\www\htdocs\weixin_auth\index\Lib\Action\IndexAction.class.php 第 220 行.
NOTIC: [8] Use of undefined constant b - assumed 'b' H:\APMServ5.2.6\www\htdocs\weixin_auth\index\Lib\Action\IndexAction.class.php 第 225 行.
NOTIC: [8] Use of undefined constant c - assumed 'c' H:\APMServ5.2.6\www\htdocs\weixin_auth\index\Lib\Action\IndexAction.class.php 第 229 行.
NOTIC: [8] Undefined variable: oldUser H:\APMServ5.2.6\www\htdocs\weixin_auth\index\Lib\Action\IndexAction.class.php 第 107 行.
INFO: [ view_parse ] --START--
INFO: ParseTemplate Behavior ::run [ RunTime:0.013154s ]
INFO: [ view_parse ] --END-- [ RunTime:0.013306s ]
INFO: [ view_filter ] --START--
INFO: ContentReplace Behavior ::run [ RunTime:0.000303s ]
INFO: TokenBuild Behavior ::run [ RunTime:0.000251s ]
INFO: WriteHtmlCache Behavior ::run [ RunTime:0.000218s ]
INFO: ShowRuntime Behavior ::run [ RunTime:0.000282s ]
INFO: [ view_filter ] --END-- [ RunTime:0.001272s ]
INFO: [ view_end ] --START--
INFO: ShowPageTrace Behavior ::run [ RunTime:0.000255s ]
INFO: [ view_end ] --END-- [ RunTime:0.000335s ]

[ 2015-02-05T22:30:32+08:00 ] 127.0.0.1 /weixin_auth/index.php/Index/index
INFO: [ route_check ] --START--
INFO: CheckRoute Behavior ::run [ RunTime:0.000314s ]
INFO: [ route_check ] --END-- [ RunTime:0.000430s ]
INFO: [ app_begin ] --START--
INFO: ReadHtmlCache Behavior ::run [ RunTime:0.000311s ]
INFO: [ app_begin ] --END-- [ RunTime:0.000405s ]
NOTIC: [8] Undefined index:  openid H:\APMServ5.2.6\www\htdocs\weixin_auth\index\Lib\Action\IndexAction.class.php 第 35 行.
NOTIC: [8] Undefined index:  user H:\APMServ5.2.6\www\htdocs\weixin_auth\index\Lib\Action\IndexAction.class.php 第 36 行.
NOTIC: [8] Undefined property: JSSDK::$debug H:\APMServ5.2.6\www\htdocs\weixin_auth\index\Lib\Common\Jssdk.class.php 第 55 行.
NOTIC: [8] Undefined offset:  2 H:\APMServ5.2.6\www\htdocs\weixin_auth\index\Lib\Action\IndexAction.class.php 第 48 行.
NOTIC: [8] Undefined offset:  3 H:\APMServ5.2.6\www\htdocs\weixin_auth\index\Lib\Action\IndexAction.class.php 第 49 行.
NOTIC: [8] Undefined index:  openid H:\APMServ5.2.6\www\htdocs\weixin_auth\index\Lib\Action\IndexAction.class.php 第 66 行.
SQL: SHOW COLUMNS FROM `wc_user_bag` [ RunTime:0.002591s ]
SQL: SELECT * FROM `wc_user_bag` WHERE ( `openid` = null ) LIMIT 1   [ RunTime:0.000610s ]
NOTIC: [8] Use of undefined constant a - assumed 'a' H:\APMServ5.2.6\www\htdocs\weixin_auth\index\Lib\Action\IndexAction.class.php 第 220 行.
NOTIC: [8] Undefined variable: oldUser H:\APMServ5.2.6\www\htdocs\weixin_auth\index\Lib\Action\IndexAction.class.php 第 107 行.
INFO: [ view_parse ] --START--
INFO: ParseTemplate Behavior ::run [ RunTime:0.006228s ]
INFO: [ view_parse ] --END-- [ RunTime:0.006330s ]
INFO: [ view_filter ] --START--
INFO: ContentReplace Behavior ::run [ RunTime:0.000287s ]
INFO: TokenBuild Behavior ::run [ RunTime:0.000267s ]
INFO: WriteHtmlCache Behavior ::run [ RunTime:0.000169s ]
INFO: ShowRuntime Behavior ::run [ RunTime:0.000223s ]
INFO: [ view_filter ] --END-- [ RunTime:0.001153s ]
INFO: [ view_end ] --START--
INFO: ShowPageTrace Behavior ::run [ RunTime:0.000198s ]
INFO: [ view_end ] --END-- [ RunTime:0.000260s ]

[ 2015-02-05T22:30:55+08:00 ] 127.0.0.1 /weixin_auth/index.php/Index/index
INFO: [ route_check ] --START--
INFO: CheckRoute Behavior ::run [ RunTime:0.000530s ]
INFO: [ route_check ] --END-- [ RunTime:0.000716s ]
INFO: [ app_begin ] --START--
INFO: ReadHtmlCache Behavior ::run [ RunTime:0.000540s ]
INFO: [ app_begin ] --END-- [ RunTime:0.000705s ]
NOTIC: [8] Undefined index:  openid H:\APMServ5.2.6\www\htdocs\weixin_auth\index\Lib\Action\IndexAction.class.php 第 35 行.
NOTIC: [8] Undefined index:  user H:\APMServ5.2.6\www\htdocs\weixin_auth\index\Lib\Action\IndexAction.class.php 第 36 行.
NOTIC: [8] Undefined property: JSSDK::$debug H:\APMServ5.2.6\www\htdocs\weixin_auth\index\Lib\Common\Jssdk.class.php 第 55 行.
NOTIC: [8] Undefined offset:  2 H:\APMServ5.2.6\www\htdocs\weixin_auth\index\Lib\Action\IndexAction.class.php 第 48 行.
NOTIC: [8] Undefined offset:  3 H:\APMServ5.2.6\www\htdocs\weixin_auth\index\Lib\Action\IndexAction.class.php 第 49 行.
NOTIC: [8] Undefined index:  openid H:\APMServ5.2.6\www\htdocs\weixin_auth\index\Lib\Action\IndexAction.class.php 第 66 行.
SQL: SHOW COLUMNS FROM `wc_user_bag` [ RunTime:0.005022s ]
SQL: SELECT * FROM `wc_user_bag` WHERE ( `openid` = null ) LIMIT 1   [ RunTime:0.001377s ]
NOTIC: [8] Use of undefined constant a - assumed 'a' H:\APMServ5.2.6\www\htdocs\weixin_auth\index\Lib\Action\IndexAction.class.php 第 220 行.
NOTIC: [8] Use of undefined constant b - assumed 'b' H:\APMServ5.2.6\www\htdocs\weixin_auth\index\Lib\Action\IndexAction.class.php 第 225 行.
NOTIC: [8] Undefined variable: oldUser H:\APMServ5.2.6\www\htdocs\weixin_auth\index\Lib\Action\IndexAction.class.php 第 107 行.
INFO: [ view_parse ] --START--
INFO: ParseTemplate Behavior ::run [ RunTime:0.016292s ]
INFO: [ view_parse ] --END-- [ RunTime:0.016524s ]
INFO: [ view_filter ] --START--
INFO: ContentReplace Behavior ::run [ RunTime:0.000602s ]
INFO: TokenBuild Behavior ::run [ RunTime:0.000503s ]
INFO: WriteHtmlCache Behavior ::run [ RunTime:0.000405s ]
INFO: ShowRuntime Behavior ::run [ RunTime:0.000619s ]
INFO: [ view_filter ] --END-- [ RunTime:0.002576s ]
INFO: [ view_end ] --START--
INFO: ShowPageTrace Behavior ::run [ RunTime:0.000500s ]
INFO: [ view_end ] --END-- [ RunTime:0.000716s ]

