[ 2015-02-09T13:04:17+08:00 ] 127.0.0.1 /weixin_auth/
INFO: [ app_begin ] --START--
INFO: ReadHtmlCache Behavior ::run [ RunTime:0.018716s ]
INFO: [ app_begin ] --END-- [ RunTime:0.019084s ]
NOTIC: [8] Undefined index:  openid E:\APMServ5.2.6\www\htdocs\weixin_auth\index\Lib\Action\IndexAction.class.php 第 37 行.
NOTIC: [8] Undefined index:  user E:\APMServ5.2.6\www\htdocs\weixin_auth\index\Lib\Action\IndexAction.class.php 第 38 行.
NOTIC: [8] Undefined property: JSSDK::$debug E:\APMServ5.2.6\www\htdocs\weixin_auth\index\Lib\Common\Jssdk.class.php 第 55 行.
NOTIC: [8] Undefined property: JSSDK::$debug E:\APMServ5.2.6\www\htdocs\weixin_auth\index\Lib\Common\Jssdk.class.php 第 93 行.
NOTIC: [8] Undefined property: JSSDK::$debug E:\APMServ5.2.6\www\htdocs\weixin_auth\index\Lib\Common\Jssdk.class.php 第 112 行.
NOTIC: [8] Undefined property: JSSDK::$debug E:\APMServ5.2.6\www\htdocs\weixin_auth\index\Lib\Common\Jssdk.class.php 第 73 行.
NOTIC: [8] Undefined index:  _URL_ E:\APMServ5.2.6\www\htdocs\weixin_auth\index\Lib\Action\IndexAction.class.php 第 50 行.
NOTIC: [8] Undefined index:  _URL_ E:\APMServ5.2.6\www\htdocs\weixin_auth\index\Lib\Action\IndexAction.class.php 第 51 行.
NOTIC: [8] Undefined index:  openid E:\APMServ5.2.6\www\htdocs\weixin_auth\index\Lib\Action\IndexAction.class.php 第 68 行.
SQL: SHOW COLUMNS FROM `wc_user_bag` [ RunTime:0.063392s ]
SQL: SELECT * FROM `wc_user_bag` WHERE ( `openid` = null ) LIMIT 1   [ RunTime:0.006875s ]
NOTIC: [8] Use of undefined constant a - assumed 'a' E:\APMServ5.2.6\www\htdocs\weixin_auth\index\Lib\Action\IndexAction.class.php 第 222 行.
NOTIC: [8] Use of undefined constant b - assumed 'b' E:\APMServ5.2.6\www\htdocs\weixin_auth\index\Lib\Action\IndexAction.class.php 第 227 行.
NOTIC: [8] Use of undefined constant c - assumed 'c' E:\APMServ5.2.6\www\htdocs\weixin_auth\index\Lib\Action\IndexAction.class.php 第 231 行.
NOTIC: [8] Undefined variable: oldUser E:\APMServ5.2.6\www\htdocs\weixin_auth\index\Lib\Action\IndexAction.class.php 第 109 行.
INFO: [ view_parse ] --START--
INFO: ParseTemplate Behavior ::run [ RunTime:0.069547s ]
INFO: [ view_parse ] --END-- [ RunTime:0.069649s ]
INFO: [ view_filter ] --START--
INFO: ContentReplace Behavior ::run [ RunTime:0.009266s ]
INFO: TokenBuild Behavior ::run [ RunTime:0.018759s ]
INFO: WriteHtmlCache Behavior ::run [ RunTime:0.001467s ]
INFO: ShowRuntime Behavior ::run [ RunTime:0.022399s ]
INFO: [ view_filter ] --END-- [ RunTime:0.052191s ]
INFO: [ view_end ] --START--
INFO: ShowPageTrace Behavior ::run [ RunTime:0.003795s ]
INFO: [ view_end ] --END-- [ RunTime:0.003858s ]

